1    [main] ERROR com.compusoftdevelopment.exceptions  - /Users/bcampbell/DevRoot/Ruby/cli/syn/bin/stationStats.dat (No such file or directory)
java.io.FileNotFoundException: /Users/bcampbell/DevRoot/Ruby/cli/syn/bin/stationStats.dat (No such file or directory)
	at java.io.FileInputStream.open(Native Method)
	at java.io.FileInputStream.<init>(FileInputStream.java:120)
	at java.io.FileInputStream.<init>(FileInputStream.java:79)
	at com.compusoftdevelopment.workbench.StationStatsRead.<init>(StationStatsRead.java:41)
	at com.compusoftdevelopment.workbench.Gretel.<init>(Gretel.java:14)
	at com.compusoftdevelopment.workbench.SystemDefaultsController.<init>(SystemDefaultsController.java:19)
	at com.compusoftdevelopment.workbench.Login.main(Login.java:355)
1    [main] ERROR com.compusoftdevelopment.exceptions  - /Users/bcampbell/DevRoot/Ruby/cli/syn/bin/stationStats.dat (No such file or directory)
java.io.FileNotFoundException: /Users/bcampbell/DevRoot/Ruby/cli/syn/bin/stationStats.dat (No such file or directory)
	at java.io.FileInputStream.open(Native Method)
	at java.io.FileInputStream.<init>(FileInputStream.java:120)
	at java.io.FileInputStream.<init>(FileInputStream.java:79)
	at com.compusoftdevelopment.workbench.StationStatsRead.<init>(StationStatsRead.java:41)
	at com.compusoftdevelopment.workbench.Gretel.<init>(Gretel.java:14)
	at com.compusoftdevelopment.workbench.SystemDefaultsController.<init>(SystemDefaultsController.java:19)
	at com.compusoftdevelopment.workbench.Login.main(Login.java:355)
1    [main] ERROR com.compusoftdevelopment.exceptions  - /Users/bcampbell/DevRoot/Ruby/cli/syn/bin/stationStats.dat (No such file or directory)
java.io.FileNotFoundException: /Users/bcampbell/DevRoot/Ruby/cli/syn/bin/stationStats.dat (No such file or directory)
	at java.io.FileInputStream.open(Native Method)
	at java.io.FileInputStream.<init>(FileInputStream.java:120)
	at java.io.FileInputStream.<init>(FileInputStream.java:79)
	at com.compusoftdevelopment.workbench.StationStatsRead.<init>(StationStatsRead.java:41)
	at com.compusoftdevelopment.workbench.Gretel.<init>(Gretel.java:14)
	at com.compusoftdevelopment.workbench.SystemDefaultsController.<init>(SystemDefaultsController.java:19)
	at com.compusoftdevelopment.workbench.Login.main(Login.java:355)
